2014-11-23 22:49:11 - flag_hallway received command OFF
2014-11-23 22:50:11 - flag_bedroom1 received command OFF
2014-11-23 22:50:11 - flag_bedroom2 received command OFF
2014-11-23 22:50:11 - flag_bathroom received command OFF
2014-11-23 22:50:11 - flag_kitchen received command OFF
2014-11-23 22:50:11 - CTV_Arduino_Bedroom1 received command OFF
2014-11-23 22:50:11 - CPressure_Arduino_Bedroom1 received command OFF
2014-11-23 22:50:11 - CPressure_Arduino_Bedroom2 received command OFF
2014-11-23 22:50:11 - CPressure_Arduino_Bathroom received command OFF
2014-11-23 22:50:11 - CPressure_Arduino_Hallway received command OFF
2014-11-23 22:50:11 - CLedDoor_Arduino_Bedroom1 received command OFF
2014-11-23 22:50:11 - CLedDoor_Arduino_Bedroom2 received command OFF
2014-11-23 22:50:11 - CLedDoor_Arduino_Bathroom received command OFF
2014-11-23 22:50:11 - Weather_Temp_Max state updated to 16
2014-11-23 22:50:11 - Weather_Temp_Min state updated to 11
2014-11-23 22:50:12 - Weather_Temp_Max state updated to 16
2014-11-23 22:50:12 - Weather_Temp_Min state updated to 11
2014-11-23 22:50:12 - Weather_LastUpdate state updated to 2014-11-23T22:50:12
2014-11-23 22:50:12 - Date state updated to 2014-11-23T22:50:12
2014-11-23 22:50:12 - Weather_Temperature state updated to 16
2014-11-23 22:50:12 - Weather_LastUpdate state updated to 2014-11-23T22:50:12
2014-11-23 22:50:37 - LBedroom1 received command ON
2014-11-23 22:50:38 - LBedroom1 received command OFF
2014-11-23 22:51:13 - Weather_Temperature state updated to 16
2014-11-23 22:51:13 - Weather_LastUpdate state updated to 2014-11-23T22:51:13
2014-11-23 22:52:13 - Weather_Temperature state updated to 16
2014-11-23 22:52:13 - Weather_LastUpdate state updated to 2014-11-23T22:52:13
2014-11-23 22:53:13 - Weather_Temperature state updated to 16
2014-11-23 22:53:13 - Weather_LastUpdate state updated to 2014-11-23T22:53:13
2014-11-23 22:54:13 - Weather_Temperature state updated to 16
2014-11-23 22:54:13 - Weather_LastUpdate state updated to 2014-11-23T22:54:13
2014-11-23 22:57:42 - Weather_Temperature state updated to 16
2014-11-23 22:57:42 - Weather_LastUpdate state updated to 2014-11-23T22:57:42
2014-11-23 22:58:42 - Weather_Temperature state updated to 16
2014-11-23 22:58:42 - Weather_LastUpdate state updated to 2014-11-23T22:58:42
2014-11-23 22:59:42 - Weather_Temperature state updated to 16
2014-11-23 22:59:42 - Weather_LastUpdate state updated to 2014-11-23T22:59:42
2014-11-23 23:00:42 - Weather_Temperature state updated to 16
2014-11-23 23:00:42 - Weather_LastUpdate state updated to 2014-11-23T23:00:42
2014-11-23 23:01:43 - Weather_Temperature state updated to 16
2014-11-23 23:01:43 - Weather_LastUpdate state updated to 2014-11-23T23:01:43
2014-11-23 23:02:43 - Weather_Temperature state updated to 16
2014-11-23 23:02:43 - Weather_LastUpdate state updated to 2014-11-23T23:02:43
2014-11-23 23:03:43 - Weather_Temperature state updated to 16
2014-11-23 23:03:43 - Weather_LastUpdate state updated to 2014-11-23T23:03:43
2014-11-23 23:04:43 - Weather_Temperature state updated to 16
2014-11-23 23:04:43 - Weather_LastUpdate state updated to 2014-11-23T23:04:43
2014-11-23 23:05:12 - Date state updated to 2014-11-23T23:05:12
2014-11-23 23:05:43 - Weather_Temperature state updated to 16
2014-11-23 23:05:43 - Weather_LastUpdate state updated to 2014-11-23T23:05:43
2014-11-23 23:06:44 - Weather_Temperature state updated to 16
2014-11-23 23:06:44 - Weather_LastUpdate state updated to 2014-11-23T23:06:44
2014-11-23 23:07:25 - LBedroom1 received command ON
2014-11-23 23:07:25 - LBedroom1 received command OFF
2014-11-23 23:07:44 - Weather_Temperature state updated to 16
2014-11-23 23:07:44 - Weather_LastUpdate state updated to 2014-11-23T23:07:44
2014-11-23 23:08:44 - Weather_Temperature state updated to 16
2014-11-23 23:08:44 - Weather_LastUpdate state updated to 2014-11-23T23:08:44
2014-11-23 23:09:14 - flag_hallway received command OFF
2014-11-23 23:09:14 - flag_bedroom1 received command OFF
2014-11-23 23:09:14 - flag_bedroom2 received command OFF
2014-11-23 23:09:14 - flag_bathroom received command OFF
2014-11-23 23:09:14 - flag_kitchen received command OFF
2014-11-23 23:09:14 - CTV_Arduino_Bedroom1 received command OFF
2014-11-23 23:09:14 - CPressure_Arduino_Bedroom1 received command OFF
2014-11-23 23:09:14 - CPressure_Arduino_Bedroom2 received command OFF
2014-11-23 23:09:14 - CPressure_Arduino_Bathroom received command OFF
2014-11-23 23:09:14 - CPressure_Arduino_Hallway received command OFF
2014-11-23 23:09:14 - CLedDoor_Arduino_Bedroom1 received command OFF
2014-11-23 23:09:14 - CLedDoor_Arduino_Bedroom2 received command OFF
2014-11-23 23:09:14 - CLedDoor_Arduino_Bathroom received command OFF
2014-11-23 23:09:14 - ActivityBedroom1 received command CLOSED
2014-11-23 23:09:14 - ActivityBedroom2 received command CLOSED
2014-11-23 23:09:14 - ActivityHallway received command CLOSED
2014-11-23 23:09:14 - ActivityBathroom received command CLOSED
2014-11-23 23:09:14 - ActivityKitchen received command CLOSED
2014-11-23 23:09:14 - Weather_Temp_Max state updated to 16
2014-11-23 23:09:14 - Weather_Temp_Min state updated to 11
2014-11-23 23:09:24 - flag_hallway received command OFF
2014-11-23 23:09:24 - flag_bedroom1 received command OFF
2014-11-23 23:09:24 - flag_bedroom2 received command OFF
2014-11-23 23:09:25 - flag_bathroom received command OFF
2014-11-23 23:09:25 - flag_kitchen received command OFF
2014-11-23 23:09:25 - CTV_Arduino_Bedroom1 received command OFF
2014-11-23 23:09:25 - CPressure_Arduino_Bedroom1 received command OFF
2014-11-23 23:09:25 - CPressure_Arduino_Bedroom2 received command OFF
2014-11-23 23:09:25 - CPressure_Arduino_Bathroom received command OFF
2014-11-23 23:09:25 - CPressure_Arduino_Hallway received command OFF
2014-11-23 23:09:25 - CLedDoor_Arduino_Bedroom1 received command OFF
2014-11-23 23:09:25 - CLedDoor_Arduino_Bedroom2 received command OFF
2014-11-23 23:09:25 - CLedDoor_Arduino_Bathroom received command OFF
2014-11-23 23:09:25 - ActivityBedroom1 received command CLOSED
2014-11-23 23:09:25 - ActivityBedroom2 received command CLOSED
2014-11-23 23:09:25 - ActivityHallway received command CLOSED
2014-11-23 23:09:25 - ActivityBathroom received command CLOSED
2014-11-23 23:09:25 - ActivityKitchen received command CLOSED
2014-11-23 23:09:25 - Weather_Temp_Max state updated to 16
2014-11-23 23:09:25 - Weather_Temp_Min state updated to 16
2014-11-23 23:12:54 - flag_hallway received command OFF
2014-11-23 23:13:54 - flag_bedroom1 received command OFF
2014-11-23 23:13:54 - flag_bedroom2 received command OFF
2014-11-23 23:13:54 - flag_bathroom received command OFF
2014-11-23 23:13:54 - flag_kitchen received command OFF
2014-11-23 23:13:54 - CTV_Arduino_Bedroom1 received command OFF
2014-11-23 23:13:54 - CPressure_Arduino_Bedroom1 received command OFF
2014-11-23 23:13:54 - CPressure_Arduino_Bedroom2 received command OFF
2014-11-23 23:13:54 - CPressure_Arduino_Bathroom received command OFF
2014-11-23 23:13:54 - CPressure_Arduino_Hallway received command OFF
2014-11-23 23:13:54 - CLedDoor_Arduino_Bedroom1 received command OFF
2014-11-23 23:13:54 - CLedDoor_Arduino_Bedroom2 received command OFF
2014-11-23 23:13:55 - CLedDoor_Arduino_Bathroom received command OFF
2014-11-23 23:13:55 - ActivityBedroom1 received command CLOSED
2014-11-23 23:13:55 - ActivityBedroom2 received command CLOSED
2014-11-23 23:13:55 - ActivityHallway received command CLOSED
2014-11-23 23:13:55 - ActivityBathroom received command CLOSED
2014-11-23 23:13:55 - ActivityKitchen received command CLOSED
2014-11-23 23:13:55 - Weather_Temp_Max state updated to 16
2014-11-23 23:13:56 - Weather_LastUpdate state updated to 2014-11-23T23:13:56
2014-11-23 23:13:56 - Weather_Temp_Min state updated to 11
2014-11-23 23:13:56 - Weather_Temperature state updated to 16
2014-11-23 23:13:56 - Weather_LastUpdate state updated to 2014-11-23T23:13:56
