2014-11-01 19:11:10,939 - Temperature_GF_Corridor  : 19.70000000
2014-11-01 19:11:10,952 - Temperature_GF_Toilet    : 21.30000000
2014-11-01 19:11:10,957 - Temperature_GF_Living    : 20.50000000
2014-11-01 19:11:10,970 - Temperature_GF_Kitchen   : 19.70000000
2014-11-01 19:11:10,982 - Temperature_FF_Bath      : 20.70000000
2014-11-01 19:11:10,990 - Temperature_FF_Office    : 22.50000000
2014-11-01 19:11:11,006 - Temperature_FF_Child     : 18.00000000
2014-11-01 19:11:11,010 - Temperature_FF_Bed       : 19.60000000
2014-11-01 19:15:00,012 - Temperature_GF_Corridor  : 22.20000000
2014-11-01 19:15:00,018 - Temperature_GF_Toilet    : 18.50000000
2014-11-01 19:15:00,028 - Temperature_GF_Living    : 18.60000000
2014-11-01 19:15:00,034 - Temperature_GF_Kitchen   : 22.40000000
2014-11-01 19:15:00,038 - Temperature_FF_Bath      : 21.00000000
2014-11-01 19:15:00,043 - Temperature_FF_Office    : 20.90000000
2014-11-01 19:15:00,048 - Temperature_FF_Child     : 22.30000000
2014-11-01 19:15:00,052 - Temperature_FF_Bed       : 17.70000000
2014-11-01 19:20:00,013 - Temperature_GF_Corridor  : 19.80000000
2014-11-01 19:20:00,018 - Temperature_GF_Toilet    : 19.30000000
2014-11-01 19:20:00,025 - Temperature_GF_Living    : 18.00000000
2014-11-01 19:20:00,031 - Temperature_GF_Kitchen   : 20.80000000
2014-11-01 19:20:00,034 - Temperature_FF_Bath      : 19.20000000
2014-11-01 19:20:00,037 - Temperature_FF_Office    : 17.70000000
2014-11-01 19:20:00,042 - Temperature_FF_Child     : 17.70000000
2014-11-01 19:20:00,047 - Temperature_FF_Bed       : 19.60000000
2014-11-01 19:23:18,009 - Temperature_GF_Corridor  : 21.20000000
2014-11-01 19:23:18,015 - Temperature_GF_Toilet    : 18.90000000
2014-11-01 19:23:18,021 - Temperature_GF_Living    : 20.80000000
2014-11-01 19:23:18,029 - Temperature_GF_Kitchen   : 20.40000000
2014-11-01 19:23:18,036 - Temperature_FF_Bath      : 17.80000000
2014-11-01 19:23:18,044 - Temperature_FF_Office    : 21.50000000
2014-11-01 19:23:18,051 - Temperature_FF_Child     : 20.70000000
2014-11-01 19:23:18,058 - Temperature_FF_Bed       : 18.40000000
2014-11-01 19:25:00,019 - Temperature_GF_Corridor  : 19.20000000
2014-11-01 19:25:00,026 - Temperature_GF_Toilet    : 18.50000000
2014-11-01 19:25:00,032 - Temperature_GF_Living    : 20.00000000
2014-11-01 19:25:00,038 - Temperature_GF_Kitchen   : 21.90000000
2014-11-01 19:25:00,043 - Temperature_FF_Bath      : 18.10000000
2014-11-01 19:25:00,050 - Temperature_FF_Office    : 18.80000000
2014-11-01 19:25:00,057 - Temperature_FF_Child     : 20.90000000
2014-11-01 19:25:00,063 - Temperature_FF_Bed       : 20.30000000
2014-11-01 19:30:00,017 - Temperature_GF_Corridor  : 17.60000000
2014-11-01 19:30:00,025 - Temperature_GF_Toilet    : 18.30000000
2014-11-01 19:30:00,030 - Temperature_GF_Living    : 17.80000000
2014-11-01 19:30:00,036 - Temperature_GF_Kitchen   : 17.60000000
2014-11-01 19:30:00,041 - Temperature_FF_Bath      : 20.00000000
2014-11-01 19:30:00,047 - Temperature_FF_Office    : 20.50000000
2014-11-01 19:30:00,050 - Temperature_FF_Child     : 19.50000000
2014-11-01 19:30:00,053 - Temperature_FF_Bed       : 17.70000000
2014-11-01 19:32:58,941 - Temperature_GF_Corridor  : 22.00000000
2014-11-01 19:32:58,946 - Temperature_GF_Toilet    : 17.80000000
2014-11-01 19:32:58,953 - Temperature_GF_Living    : 20.90000000
2014-11-01 19:32:58,960 - Temperature_GF_Kitchen   : 18.20000000
2014-11-01 19:32:58,967 - Temperature_FF_Bath      : 19.90000000
2014-11-01 19:32:58,974 - Temperature_FF_Office    : 22.10000000
2014-11-01 19:32:58,979 - Temperature_FF_Child     : 18.80000000
2014-11-01 19:32:58,985 - Temperature_FF_Bed       : 20.60000000
2014-11-01 19:35:00,050 - Temperature_GF_Corridor  : 22.50000000
2014-11-01 19:35:00,055 - Temperature_GF_Toilet    : 18.10000000
2014-11-01 19:35:00,061 - Temperature_GF_Living    : 19.00000000
2014-11-01 19:35:00,066 - Temperature_GF_Kitchen   : 20.60000000
2014-11-01 19:35:00,072 - Temperature_FF_Bath      : 18.80000000
2014-11-01 19:35:00,077 - Temperature_FF_Office    : 19.30000000
2014-11-01 19:35:00,082 - Temperature_FF_Child     : 21.20000000
2014-11-01 19:35:00,086 - Temperature_FF_Bed       : 20.80000000
2014-11-01 19:40:00,055 - Temperature_GF_Corridor  : 21.50000000
2014-11-01 19:40:00,059 - Temperature_GF_Toilet    : 20.60000000
2014-11-01 19:40:00,065 - Temperature_GF_Living    : 21.00000000
2014-11-01 19:40:00,070 - Temperature_GF_Kitchen   : 21.80000000
2014-11-01 19:40:00,073 - Temperature_FF_Bath      : 20.40000000
2014-11-01 19:40:00,077 - Temperature_FF_Office    : 19.50000000
2014-11-01 19:40:00,081 - Temperature_FF_Child     : 18.80000000
2014-11-01 19:40:00,086 - Temperature_FF_Bed       : 17.70000000
2014-11-01 19:45:00,053 - Temperature_GF_Corridor  : 17.80000000
2014-11-01 19:45:00,057 - Temperature_GF_Toilet    : 22.40000000
2014-11-01 19:45:00,062 - Temperature_GF_Living    : 18.50000000
2014-11-01 19:45:00,066 - Temperature_GF_Kitchen   : 22.00000000
2014-11-01 19:45:00,069 - Temperature_FF_Bath      : 18.00000000
2014-11-01 19:45:00,072 - Temperature_FF_Office    : 17.60000000
2014-11-01 19:45:00,076 - Temperature_FF_Child     : 21.10000000
2014-11-01 19:45:00,079 - Temperature_FF_Bed       : 19.50000000
2014-11-01 19:50:00,044 - Temperature_GF_Corridor  : 17.60000000
2014-11-01 19:50:00,052 - Temperature_GF_Toilet    : 18.50000000
2014-11-01 19:50:00,057 - Temperature_GF_Living    : 22.30000000
2014-11-01 19:50:00,066 - Temperature_GF_Kitchen   : 18.10000000
2014-11-01 19:50:00,075 - Temperature_FF_Bath      : 21.60000000
2014-11-01 19:50:00,079 - Temperature_FF_Office    : 18.90000000
2014-11-01 19:50:00,083 - Temperature_FF_Child     : 20.00000000
2014-11-01 19:50:00,090 - Temperature_FF_Bed       : 18.80000000
2014-11-01 19:55:00,038 - Temperature_GF_Corridor  : 18.00000000
2014-11-01 19:55:00,042 - Temperature_GF_Toilet    : 18.70000000
2014-11-01 19:55:00,046 - Temperature_GF_Living    : 22.40000000
2014-11-01 19:55:00,049 - Temperature_GF_Kitchen   : 22.30000000
2014-11-01 19:55:00,052 - Temperature_FF_Bath      : 17.80000000
2014-11-01 19:55:00,055 - Temperature_FF_Office    : 20.00000000
2014-11-01 19:55:00,058 - Temperature_FF_Child     : 22.50000000
2014-11-01 19:55:00,062 - Temperature_FF_Bed       : 19.60000000
2014-11-01 20:00:00,052 - Temperature_GF_Corridor  : 21.10000000
2014-11-01 20:00:00,055 - Temperature_GF_Toilet    : 22.50000000
2014-11-01 20:00:00,058 - Temperature_GF_Living    : 17.60000000
2014-11-01 20:00:00,062 - Temperature_GF_Kitchen   : 19.10000000
2014-11-01 20:00:00,066 - Temperature_FF_Bath      : 18.40000000
2014-11-01 20:00:00,069 - Temperature_FF_Office    : 18.80000000
2014-11-01 20:00:00,072 - Temperature_FF_Child     : 21.00000000
2014-11-01 20:00:00,075 - Temperature_FF_Bed       : 22.00000000
2014-11-01 20:05:00,042 - Temperature_GF_Corridor  : 19.70000000
2014-11-01 20:05:00,045 - Temperature_GF_Toilet    : 20.20000000
2014-11-01 20:05:00,049 - Temperature_GF_Living    : 20.10000000
2014-11-01 20:05:00,052 - Temperature_GF_Kitchen   : 18.30000000
2014-11-01 20:05:00,054 - Temperature_FF_Bath      : 22.10000000
2014-11-01 20:05:00,057 - Temperature_FF_Office    : 22.20000000
2014-11-01 20:05:00,059 - Temperature_FF_Child     : 20.00000000
2014-11-01 20:05:00,061 - Temperature_FF_Bed       : 20.00000000
2014-11-01 20:07:10,558 - Temperature_GF_Corridor  : 21.80000000
2014-11-01 20:07:10,563 - Temperature_GF_Toilet    : 22.30000000
2014-11-01 20:07:10,566 - Temperature_GF_Living    : 18.90000000
2014-11-01 20:07:10,569 - Temperature_GF_Kitchen   : 20.80000000
2014-11-01 20:07:10,572 - Temperature_FF_Bath      : 21.60000000
2014-11-01 20:07:10,575 - Temperature_FF_Office    : 21.60000000
2014-11-01 20:07:10,579 - Temperature_FF_Child     : 19.90000000
2014-11-01 20:07:10,582 - Temperature_FF_Bed       : 19.40000000
2014-11-01 20:08:11,194 - Temperature_GF_Corridor  : 18.20000000
2014-11-01 20:08:11,197 - Temperature_GF_Toilet    : 21.60000000
2014-11-01 20:08:11,201 - Temperature_GF_Living    : 18.00000000
2014-11-01 20:08:11,204 - Temperature_GF_Kitchen   : 19.20000000
2014-11-01 20:08:11,207 - Temperature_FF_Bath      : 19.50000000
2014-11-01 20:08:11,211 - Temperature_FF_Office    : 21.20000000
2014-11-01 20:08:11,215 - Temperature_FF_Child     : 18.80000000
2014-11-01 20:08:11,219 - Temperature_FF_Bed       : 17.70000000
2014-11-01 20:10:00,017 - Temperature_GF_Corridor  : 19.30000000
2014-11-01 20:10:00,023 - Temperature_GF_Toilet    : 19.50000000
2014-11-01 20:10:00,030 - Temperature_GF_Living    : 20.60000000
2014-11-01 20:10:00,035 - Temperature_GF_Kitchen   : 19.90000000
2014-11-01 20:10:00,039 - Temperature_FF_Bath      : 19.30000000
2014-11-01 20:10:00,042 - Temperature_FF_Office    : 21.40000000
2014-11-01 20:10:00,047 - Temperature_FF_Child     : 21.90000000
2014-11-01 20:10:00,049 - Temperature_FF_Bed       : 18.60000000
2014-11-01 20:13:11,729 - Temperature_GF_Corridor  : 22.10000000
2014-11-01 20:13:11,733 - Temperature_GF_Toilet    : 19.40000000
2014-11-01 20:13:11,737 - Temperature_GF_Living    : 21.30000000
2014-11-01 20:13:11,740 - Temperature_GF_Kitchen   : 21.20000000
2014-11-01 20:13:11,746 - Temperature_FF_Bath      : 19.10000000
2014-11-01 20:13:11,749 - Temperature_FF_Office    : 20.10000000
2014-11-01 20:13:11,753 - Temperature_FF_Child     : 20.10000000
2014-11-01 20:13:11,757 - Temperature_FF_Bed       : 22.10000000
2014-11-01 20:14:02,135 - Temperature_GF_Corridor  : 21.80000000
2014-11-01 20:14:02,139 - Temperature_GF_Toilet    : 19.90000000
2014-11-01 20:14:02,142 - Temperature_GF_Living    : 22.20000000
2014-11-01 20:14:02,146 - Temperature_GF_Kitchen   : 20.90000000
2014-11-01 20:14:02,149 - Temperature_FF_Bath      : 18.40000000
2014-11-01 20:14:02,152 - Temperature_FF_Office    : 18.00000000
2014-11-01 20:14:02,156 - Temperature_FF_Child     : 19.30000000
2014-11-01 20:14:02,159 - Temperature_FF_Bed       : 20.00000000
2014-11-01 20:14:52,503 - Temperature_GF_Corridor  : 19.10000000
2014-11-01 20:14:52,506 - Temperature_GF_Toilet    : 21.80000000
2014-11-01 20:14:52,509 - Temperature_GF_Living    : 20.90000000
2014-11-01 20:14:52,513 - Temperature_GF_Kitchen   : 18.10000000
2014-11-01 20:14:52,516 - Temperature_FF_Bath      : 18.60000000
2014-11-01 20:14:52,519 - Temperature_FF_Office    : 21.80000000
2014-11-01 20:14:52,522 - Temperature_FF_Child     : 20.00000000
2014-11-01 20:14:52,525 - Temperature_FF_Bed       : 18.40000000
2014-11-01 20:15:00,127 - Temperature_GF_Corridor  : 20.40000000
2014-11-01 20:15:00,131 - Temperature_GF_Toilet    : 18.30000000
2014-11-01 20:15:00,135 - Temperature_GF_Living    : 21.70000000
2014-11-01 20:15:00,138 - Temperature_GF_Kitchen   : 21.40000000
2014-11-01 20:15:00,140 - Temperature_FF_Bath      : 19.40000000
2014-11-01 20:15:00,143 - Temperature_FF_Child     : 18.00000000
2014-11-01 20:15:00,145 - Temperature_FF_Bed       : 21.90000000
2014-11-01 20:20:00,039 - Temperature_GF_Corridor  : 17.60000000
2014-11-01 20:20:00,042 - Temperature_GF_Toilet    : 19.60000000
2014-11-01 20:20:00,046 - Temperature_GF_Living    : 19.40000000
2014-11-01 20:20:00,048 - Temperature_GF_Kitchen   : 19.30000000
2014-11-01 20:20:00,051 - Temperature_FF_Bath      : 19.50000000
2014-11-01 20:20:00,053 - Temperature_FF_Office    : 19.50000000
2014-11-01 20:20:00,055 - Temperature_FF_Child     : 22.40000000
2014-11-01 20:20:00,057 - Temperature_FF_Bed       : 17.90000000
2014-11-01 20:25:00,055 - Temperature_GF_Corridor  : 18.60000000
2014-11-01 20:25:00,058 - Temperature_GF_Toilet    : 18.20000000
2014-11-01 20:25:00,062 - Temperature_GF_Living    : 18.80000000
2014-11-01 20:25:00,064 - Temperature_GF_Kitchen   : 17.70000000
2014-11-01 20:25:00,066 - Temperature_FF_Bath      : 18.30000000
2014-11-01 20:25:00,068 - Temperature_FF_Office    : 19.90000000
2014-11-01 20:25:00,071 - Temperature_FF_Child     : 19.60000000
2014-11-01 20:25:00,073 - Temperature_FF_Bed       : 18.60000000
2014-11-01 20:30:00,042 - Temperature_GF_Corridor  : 18.50000000
2014-11-01 20:30:00,045 - Temperature_GF_Toilet    : 18.10000000
2014-11-01 20:30:00,049 - Temperature_GF_Living    : 19.70000000
2014-11-01 20:30:00,052 - Temperature_GF_Kitchen   : 19.80000000
2014-11-01 20:30:00,055 - Temperature_FF_Bath      : 21.20000000
2014-11-01 20:30:00,057 - Temperature_FF_Office    : 20.20000000
2014-11-01 20:30:00,059 - Temperature_FF_Child     : 21.80000000
2014-11-01 20:30:00,061 - Temperature_FF_Bed       : 18.30000000
2014-11-01 20:35:00,036 - Temperature_GF_Corridor  : 18.10000000
2014-11-01 20:35:00,040 - Temperature_GF_Toilet    : 17.90000000
2014-11-01 20:35:00,043 - Temperature_GF_Living    : 22.20000000
2014-11-01 20:35:00,046 - Temperature_GF_Kitchen   : 19.30000000
2014-11-01 20:35:00,049 - Temperature_FF_Bath      : 18.40000000
2014-11-01 20:35:00,052 - Temperature_FF_Office    : 18.40000000
2014-11-01 20:35:00,054 - Temperature_FF_Child     : 18.30000000
2014-11-01 20:35:00,056 - Temperature_FF_Bed       : 21.50000000
2014-11-01 20:40:00,036 - Temperature_GF_Toilet    : 17.60000000
2014-11-01 20:40:00,040 - Temperature_GF_Living    : 18.80000000
2014-11-01 20:40:00,042 - Temperature_GF_Kitchen   : 22.00000000
2014-11-01 20:40:00,045 - Temperature_FF_Bath      : 17.70000000
2014-11-01 20:40:00,054 - Temperature_FF_Office    : 21.80000000
2014-11-01 20:40:00,062 - Temperature_FF_Child     : 21.20000000
2014-11-01 20:40:00,065 - Temperature_FF_Bed       : 19.40000000
2014-11-01 20:45:00,033 - Temperature_GF_Corridor  : 19.30000000
2014-11-01 20:45:00,036 - Temperature_GF_Toilet    : 22.40000000
2014-11-01 20:45:00,040 - Temperature_GF_Living    : 20.10000000
2014-11-01 20:45:00,042 - Temperature_GF_Kitchen   : 19.80000000
2014-11-01 20:45:00,045 - Temperature_FF_Bath      : 18.30000000
2014-11-01 20:45:00,048 - Temperature_FF_Office    : 21.50000000
2014-11-01 20:45:00,050 - Temperature_FF_Child     : 19.30000000
2014-11-01 20:45:00,053 - Temperature_FF_Bed       : 20.20000000
2014-11-01 20:50:00,040 - Temperature_GF_Corridor  : 20.60000000
2014-11-01 20:50:00,042 - Temperature_GF_Toilet    : 22.20000000
2014-11-01 20:50:00,046 - Temperature_GF_Living    : 21.70000000
2014-11-01 20:50:00,051 - Temperature_GF_Kitchen   : 17.70000000
2014-11-01 20:50:00,053 - Temperature_FF_Bath      : 18.70000000
2014-11-01 20:50:00,056 - Temperature_FF_Office    : 17.80000000
2014-11-01 20:50:00,058 - Temperature_FF_Child     : 18.10000000
2014-11-01 20:55:00,032 - Temperature_GF_Corridor  : 18.70000000
2014-11-01 20:55:00,036 - Temperature_GF_Living    : 21.20000000
2014-11-01 20:55:00,038 - Temperature_GF_Kitchen   : 18.60000000
2014-11-01 20:55:00,040 - Temperature_FF_Bath      : 19.70000000
2014-11-01 20:55:00,043 - Temperature_FF_Office    : 18.50000000
2014-11-01 20:55:00,045 - Temperature_FF_Bed       : 18.70000000
2014-11-01 21:00:00,062 - Temperature_GF_Corridor  : 22.00000000
2014-11-01 21:00:00,065 - Temperature_GF_Toilet    : 21.90000000
2014-11-01 21:00:00,067 - Temperature_GF_Living    : 20.40000000
2014-11-01 21:00:00,071 - Temperature_GF_Kitchen   : 20.80000000
2014-11-01 21:00:00,075 - Temperature_FF_Bath      : 17.60000000
2014-11-01 21:00:00,077 - Temperature_FF_Office    : 20.30000000
2014-11-01 21:00:00,079 - Temperature_FF_Child     : 18.50000000
2014-11-01 21:00:00,081 - Temperature_FF_Bed       : 21.70000000
2014-11-01 21:05:00,029 - Temperature_GF_Corridor  : 21.20000000
2014-11-01 21:05:00,032 - Temperature_GF_Toilet    : 19.00000000
2014-11-01 21:05:00,034 - Temperature_GF_Living    : 19.80000000
2014-11-01 21:05:00,037 - Temperature_GF_Kitchen   : 19.20000000
2014-11-01 21:05:00,040 - Temperature_FF_Bath      : 21.30000000
2014-11-01 21:05:00,042 - Temperature_FF_Office    : 20.50000000
2014-11-01 21:05:00,045 - Temperature_FF_Child     : 18.30000000
2014-11-01 21:05:00,047 - Temperature_FF_Bed       : 19.00000000
2014-11-01 21:10:00,033 - Temperature_GF_Corridor  : 21.90000000
2014-11-01 21:10:00,035 - Temperature_GF_Toilet    : 18.90000000
2014-11-01 21:10:00,040 - Temperature_GF_Living    : 21.90000000
2014-11-01 21:10:00,042 - Temperature_GF_Kitchen   : 17.90000000
2014-11-01 21:10:00,045 - Temperature_FF_Bath      : 19.90000000
2014-11-01 21:10:00,047 - Temperature_FF_Office    : 17.90000000
2014-11-01 21:10:00,050 - Temperature_FF_Child     : 21.40000000
2014-11-01 21:10:00,052 - Temperature_FF_Bed       : 18.50000000
2014-11-01 21:15:00,076 - Temperature_GF_Corridor  : 18.10000000
2014-11-01 21:15:00,079 - Temperature_GF_Toilet    : 18.80000000
2014-11-01 21:15:00,082 - Temperature_GF_Living    : 18.40000000
2014-11-01 21:15:00,086 - Temperature_GF_Kitchen   : 18.30000000
2014-11-01 21:15:00,091 - Temperature_FF_Bath      : 17.90000000
2014-11-01 21:15:00,094 - Temperature_FF_Office    : 21.90000000
2014-11-01 21:15:00,100 - Temperature_FF_Child     : 19.10000000
2014-11-01 21:15:00,102 - Temperature_FF_Bed       : 18.10000000
2014-11-01 21:30:00,047 - Temperature_GF_Corridor  : 22.20000000
2014-11-01 21:30:00,055 - Temperature_GF_Toilet    : 22.10000000
2014-11-01 21:30:00,061 - Temperature_GF_Living    : 19.70000000
2014-11-01 21:30:00,069 - Temperature_GF_Kitchen   : 22.50000000
2014-11-01 21:30:00,076 - Temperature_FF_Bath      : 20.70000000
2014-11-01 21:30:00,084 - Temperature_FF_Office    : 20.60000000
2014-11-01 21:30:00,088 - Temperature_FF_Child     : 20.90000000
2014-11-01 21:30:00,093 - Temperature_FF_Bed       : 18.00000000
2014-11-03 17:25:00,070 - Temperature_GF_Corridor  : 21.30000000
2014-11-03 17:25:00,099 - Temperature_GF_Toilet    : 19.40000000
2014-11-03 17:25:00,108 - Temperature_GF_Living    : 20.30000000
2014-11-03 17:25:00,114 - Temperature_GF_Kitchen   : 21.00000000
2014-11-03 17:25:00,119 - Temperature_FF_Bath      : 22.20000000
2014-11-03 17:25:00,139 - Temperature_FF_Office    : 20.30000000
2014-11-03 17:25:00,148 - Temperature_FF_Child     : 20.50000000
2014-11-03 17:25:00,155 - Temperature_FF_Bed       : 22.00000000
2014-11-03 17:30:00,043 - Temperature_GF_Corridor  : 17.70000000
2014-11-03 17:30:00,048 - Temperature_GF_Toilet    : 22.20000000
2014-11-03 17:30:00,054 - Temperature_GF_Living    : 19.80000000
2014-11-03 17:30:00,061 - Temperature_GF_Kitchen   : 18.00000000
2014-11-03 17:30:00,068 - Temperature_FF_Bath      : 19.20000000
2014-11-03 17:30:00,077 - Temperature_FF_Office    : 21.30000000
2014-11-03 17:30:00,084 - Temperature_FF_Child     : 18.90000000
2014-11-03 17:30:00,094 - Temperature_FF_Bed       : 17.80000000
2014-11-03 17:35:00,054 - Temperature_GF_Toilet    : 18.70000000
2014-11-03 17:35:00,063 - Temperature_GF_Living    : 21.50000000
2014-11-03 17:35:00,069 - Temperature_GF_Kitchen   : 19.80000000
2014-11-03 17:35:00,079 - Temperature_FF_Bath      : 22.40000000
2014-11-03 17:35:00,086 - Temperature_FF_Office    : 18.00000000
2014-11-03 17:35:00,092 - Temperature_FF_Child     : 21.90000000
2014-11-03 17:35:00,097 - Temperature_FF_Bed       : 18.20000000
2014-11-03 17:40:00,049 - Temperature_GF_Corridor  : 22.10000000
2014-11-03 17:40:00,060 - Temperature_GF_Toilet    : 20.60000000
2014-11-03 17:40:00,068 - Temperature_GF_Living    : 20.30000000
2014-11-03 17:40:00,079 - Temperature_GF_Kitchen   : 19.90000000
2014-11-03 17:40:00,084 - Temperature_FF_Bath      : 22.00000000
2014-11-03 17:40:00,089 - Temperature_FF_Office    : 17.80000000
2014-11-03 17:40:00,094 - Temperature_FF_Child     : 19.80000000
2014-11-03 17:40:00,098 - Temperature_FF_Bed       : 20.00000000
2014-11-03 17:45:00,047 - Temperature_GF_Corridor  : 20.50000000
2014-11-03 17:45:00,054 - Temperature_GF_Toilet    : 20.30000000
2014-11-03 17:45:00,060 - Temperature_GF_Living    : 17.70000000
2014-11-03 17:45:00,066 - Temperature_GF_Kitchen   : 22.30000000
2014-11-03 17:45:00,073 - Temperature_FF_Bath      : 21.90000000
2014-11-03 17:45:00,080 - Temperature_FF_Office    : 18.30000000
2014-11-03 17:45:00,085 - Temperature_FF_Child     : 20.90000000
2014-11-03 17:45:00,091 - Temperature_FF_Bed       : 19.30000000
2014-11-03 17:50:00,037 - Temperature_GF_Corridor  : 19.10000000
2014-11-03 17:50:00,045 - Temperature_GF_Toilet    : 22.20000000
2014-11-03 17:50:00,050 - Temperature_GF_Living    : 22.30000000
2014-11-03 17:50:00,054 - Temperature_GF_Kitchen   : 18.60000000
2014-11-03 17:50:00,058 - Temperature_FF_Bath      : 19.20000000
2014-11-03 17:50:00,062 - Temperature_FF_Office    : 21.80000000
2014-11-03 17:50:00,066 - Temperature_FF_Child     : 22.00000000
2014-11-03 17:50:00,070 - Temperature_FF_Bed       : 21.20000000
2014-11-03 17:55:00,047 - Temperature_GF_Corridor  : 20.20000000
2014-11-03 17:55:00,052 - Temperature_GF_Toilet    : 21.00000000
2014-11-03 17:55:00,056 - Temperature_GF_Living    : 20.90000000
2014-11-03 17:55:00,061 - Temperature_GF_Kitchen   : 21.70000000
2014-11-03 17:55:00,064 - Temperature_FF_Bath      : 19.60000000
2014-11-03 17:55:00,068 - Temperature_FF_Office    : 20.00000000
2014-11-03 17:55:00,071 - Temperature_FF_Child     : 21.80000000
2014-11-03 17:55:00,076 - Temperature_FF_Bed       : 18.10000000
2014-11-03 18:00:00,032 - Temperature_GF_Corridor  : 19.70000000
2014-11-03 18:00:00,043 - Temperature_GF_Toilet    : 20.20000000
2014-11-03 18:00:00,050 - Temperature_GF_Living    : 22.10000000
2014-11-03 18:00:00,054 - Temperature_GF_Kitchen   : 18.10000000
2014-11-03 18:00:00,058 - Temperature_FF_Bath      : 22.50000000
2014-11-03 18:00:00,062 - Temperature_FF_Office    : 19.90000000
2014-11-03 18:00:00,066 - Temperature_FF_Child     : 19.20000000
2014-11-03 18:00:00,070 - Temperature_FF_Bed       : 20.60000000
2014-11-03 18:05:00,033 - Temperature_GF_Corridor  : 21.70000000
2014-11-03 18:05:00,038 - Temperature_GF_Toilet    : 18.70000000
2014-11-03 18:05:00,043 - Temperature_GF_Living    : 20.60000000
2014-11-03 18:05:00,047 - Temperature_GF_Kitchen   : 22.20000000
2014-11-03 18:05:00,050 - Temperature_FF_Bath      : 20.80000000
2014-11-03 18:05:00,053 - Temperature_FF_Office    : 18.80000000
2014-11-03 18:05:00,059 - Temperature_FF_Child     : 19.30000000
2014-11-03 18:10:00,056 - Temperature_GF_Corridor  : 20.00000000
2014-11-03 18:10:00,066 - Temperature_GF_Toilet    : 21.60000000
2014-11-03 18:10:00,080 - Temperature_GF_Living    : 21.70000000
2014-11-03 18:10:00,088 - Temperature_GF_Kitchen   : 17.90000000
2014-11-03 18:10:00,100 - Temperature_FF_Bath      : 17.90000000
2014-11-03 18:10:00,106 - Temperature_FF_Office    : 18.60000000
2014-11-03 18:10:00,112 - Temperature_FF_Child     : 21.00000000
2014-11-03 18:10:00,117 - Temperature_FF_Bed       : 19.80000000
2014-11-03 18:15:00,048 - Temperature_GF_Corridor  : 21.40000000
2014-11-03 18:15:00,052 - Temperature_GF_Toilet    : 21.00000000
2014-11-03 18:15:00,061 - Temperature_GF_Living    : 21.20000000
2014-11-03 18:15:00,073 - Temperature_GF_Kitchen   : 18.60000000
2014-11-03 18:15:00,080 - Temperature_FF_Bath      : 18.70000000
2014-11-03 18:15:00,089 - Temperature_FF_Office    : 20.10000000
2014-11-03 18:15:00,095 - Temperature_FF_Child     : 19.40000000
2014-11-03 18:15:00,100 - Temperature_FF_Bed       : 20.70000000
2014-11-03 18:20:00,056 - Temperature_GF_Corridor  : 19.70000000
2014-11-03 18:20:00,061 - Temperature_GF_Toilet    : 19.50000000
2014-11-03 18:20:00,066 - Temperature_GF_Living    : 18.00000000
2014-11-03 18:20:00,093 - Temperature_GF_Kitchen   : 21.90000000
2014-11-03 18:20:00,102 - Temperature_FF_Bath      : 18.60000000
2014-11-03 18:20:00,107 - Temperature_FF_Office    : 18.20000000
2014-11-03 18:20:00,112 - Temperature_FF_Child     : 21.60000000
2014-11-03 18:20:00,118 - Temperature_FF_Bed       : 18.80000000
2014-11-03 18:25:00,067 - Temperature_GF_Corridor  : 21.40000000
2014-11-03 18:25:00,072 - Temperature_GF_Toilet    : 21.00000000
2014-11-03 18:25:00,078 - Temperature_GF_Living    : 22.40000000
2014-11-03 18:25:00,081 - Temperature_GF_Kitchen   : 19.30000000
2014-11-03 18:25:00,093 - Temperature_FF_Bath      : 22.20000000
2014-11-03 18:25:00,100 - Temperature_FF_Office    : 18.70000000
2014-11-03 18:25:00,103 - Temperature_FF_Child     : 22.30000000
2014-11-03 18:25:00,106 - Temperature_FF_Bed       : 17.90000000
2014-11-03 18:30:00,035 - Temperature_GF_Corridor  : 20.60000000
2014-11-03 18:30:00,048 - Temperature_GF_Toilet    : 22.50000000
2014-11-03 18:30:00,053 - Temperature_GF_Living    : 19.00000000
2014-11-03 18:30:00,056 - Temperature_GF_Kitchen   : 18.80000000
2014-11-03 18:30:00,064 - Temperature_FF_Bath      : 21.20000000
2014-11-03 18:30:00,068 - Temperature_FF_Office    : 22.50000000
2014-11-03 18:30:00,071 - Temperature_FF_Child     : 22.50000000
2014-11-03 18:30:00,075 - Temperature_FF_Bed       : 18.40000000
2014-11-03 18:35:00,036 - Temperature_GF_Corridor  : 21.40000000
2014-11-03 18:35:00,042 - Temperature_GF_Toilet    : 19.40000000
2014-11-03 18:35:00,046 - Temperature_GF_Living    : 20.50000000
2014-11-03 18:35:00,051 - Temperature_GF_Kitchen   : 18.50000000
2014-11-03 18:35:00,054 - Temperature_FF_Bath      : 21.00000000
2014-11-03 18:35:00,057 - Temperature_FF_Office    : 18.00000000
2014-11-03 18:35:00,060 - Temperature_FF_Child     : 21.80000000
2014-11-03 18:35:00,062 - Temperature_FF_Bed       : 18.40000000
2014-11-03 18:40:00,032 - Temperature_GF_Corridor  : 22.00000000
2014-11-03 18:40:00,036 - Temperature_GF_Toilet    : 22.50000000
2014-11-03 18:40:00,039 - Temperature_GF_Living    : 19.30000000
2014-11-03 18:40:00,043 - Temperature_GF_Kitchen   : 21.10000000
2014-11-03 18:40:00,046 - Temperature_FF_Bath      : 19.10000000
2014-11-03 18:40:00,050 - Temperature_FF_Office    : 22.30000000
2014-11-03 18:40:00,054 - Temperature_FF_Child     : 21.00000000
2014-11-03 18:40:00,057 - Temperature_FF_Bed       : 20.20000000
2014-11-03 18:45:00,042 - Temperature_GF_Corridor  : 22.20000000
2014-11-03 18:45:00,047 - Temperature_GF_Toilet    : 18.30000000
2014-11-03 18:45:00,051 - Temperature_GF_Living    : 18.20000000
2014-11-03 18:45:00,075 - Temperature_GF_Kitchen   : 21.00000000
2014-11-03 18:45:00,081 - Temperature_FF_Bath      : 21.20000000
2014-11-03 18:45:00,087 - Temperature_FF_Office    : 21.70000000
2014-11-03 18:45:00,112 - Temperature_FF_Bed       : 18.60000000
2014-11-03 18:50:00,073 - Temperature_GF_Corridor  : 18.60000000
2014-11-03 18:50:00,087 - Temperature_GF_Toilet    : 21.80000000
2014-11-03 18:50:00,094 - Temperature_GF_Living    : 21.50000000
2014-11-03 18:50:00,101 - Temperature_GF_Kitchen   : 19.80000000
2014-11-03 18:50:00,107 - Temperature_FF_Bath      : 21.50000000
2014-11-03 18:50:00,112 - Temperature_FF_Office    : 22.30000000
2014-11-03 18:50:00,119 - Temperature_FF_Child     : 19.00000000
2014-11-03 18:50:00,126 - Temperature_FF_Bed       : 21.60000000
2014-11-03 18:52:30,543 - Temperature_FF_Bed       : 22.10000000
2014-11-03 18:55:00,043 - Temperature_GF_Corridor  : 18.80000000
2014-11-03 18:55:00,058 - Temperature_GF_Toilet    : 20.80000000
2014-11-03 18:55:00,074 - Temperature_GF_Living    : 18.70000000
2014-11-03 18:55:00,083 - Temperature_FF_Bath      : 18.40000000
2014-11-03 18:55:00,092 - Temperature_FF_Office    : 20.80000000
2014-11-03 18:55:00,098 - Temperature_FF_Child     : 20.10000000
2014-11-03 18:55:00,106 - Temperature_FF_Bed       : 20.00000000
2014-11-03 19:00:00,044 - Temperature_GF_Corridor  : 19.80000000
2014-11-03 19:00:00,072 - Temperature_GF_Toilet    : 21.70000000
2014-11-03 19:00:00,094 - Temperature_GF_Living    : 19.60000000
2014-11-03 19:00:00,111 - Temperature_GF_Kitchen   : 20.10000000
2014-11-03 19:00:00,122 - Temperature_FF_Bath      : 18.00000000
2014-11-03 19:00:00,131 - Temperature_FF_Office    : 22.40000000
2014-11-03 19:00:00,151 - Temperature_FF_Child     : 18.00000000
2014-11-03 19:00:00,160 - Temperature_FF_Bed       : 20.10000000
2014-11-03 19:05:00,016 - Temperature_GF_Corridor  : 19.70000000
2014-11-03 19:05:00,024 - Temperature_GF_Toilet    : 21.90000000
2014-11-03 19:05:00,033 - Temperature_GF_Living    : 19.80000000
2014-11-03 19:05:00,040 - Temperature_GF_Kitchen   : 22.10000000
2014-11-03 19:05:00,045 - Temperature_FF_Bath      : 20.70000000
2014-11-03 19:05:00,050 - Temperature_FF_Office    : 20.90000000
2014-11-03 19:05:00,057 - Temperature_FF_Child     : 19.10000000
2014-11-03 19:05:00,062 - Temperature_FF_Bed       : 19.70000000
2014-11-03 19:10:00,023 - Temperature_GF_Toilet    : 19.30000000
2014-11-03 19:10:00,030 - Temperature_GF_Living    : 18.50000000
2014-11-03 19:10:00,036 - Temperature_GF_Kitchen   : 20.60000000
2014-11-03 19:10:00,046 - Temperature_FF_Bath      : 19.80000000
2014-11-03 19:10:00,052 - Temperature_FF_Office    : 19.30000000
2014-11-03 19:10:00,059 - Temperature_FF_Child     : 19.60000000
2014-11-03 19:10:00,066 - Temperature_FF_Bed       : 20.40000000
2014-11-03 19:15:00,012 - Temperature_GF_Corridor  : 18.50000000
2014-11-03 19:15:00,020 - Temperature_GF_Toilet    : 17.90000000
2014-11-03 19:15:00,026 - Temperature_GF_Living    : 20.70000000
2014-11-03 19:15:00,032 - Temperature_GF_Kitchen   : 20.50000000
2014-11-03 19:15:00,039 - Temperature_FF_Bath      : 19.40000000
2014-11-03 19:15:00,049 - Temperature_FF_Office    : 18.30000000
2014-11-03 19:15:00,056 - Temperature_FF_Child     : 21.50000000
2014-11-03 19:20:00,015 - Temperature_GF_Corridor  : 19.40000000
2014-11-03 19:20:00,020 - Temperature_GF_Toilet    : 18.40000000
2014-11-03 19:20:00,025 - Temperature_GF_Living    : 21.70000000
2014-11-03 19:20:00,028 - Temperature_GF_Kitchen   : 20.70000000
2014-11-03 19:20:00,032 - Temperature_FF_Bath      : 19.30000000
2014-11-03 19:20:00,035 - Temperature_FF_Office    : 19.20000000
2014-11-03 19:20:00,039 - Temperature_FF_Child     : 20.00000000
2014-11-03 19:20:00,042 - Temperature_FF_Bed       : 17.90000000
2014-11-03 19:25:00,015 - Temperature_GF_Corridor  : 19.20000000
2014-11-03 19:25:00,021 - Temperature_GF_Toilet    : 22.30000000
2014-11-03 19:25:00,029 - Temperature_GF_Kitchen   : 22.30000000
2014-11-03 19:25:00,035 - Temperature_FF_Bath      : 18.70000000
2014-11-03 19:25:00,038 - Temperature_FF_Office    : 19.70000000
2014-11-03 19:25:00,042 - Temperature_FF_Child     : 18.40000000
2014-11-03 19:25:00,046 - Temperature_FF_Bed       : 19.80000000
2014-11-03 19:30:00,047 - Temperature_GF_Corridor  : 18.30000000
2014-11-03 19:30:00,051 - Temperature_GF_Toilet    : 20.40000000
2014-11-03 19:30:00,055 - Temperature_GF_Living    : 18.40000000
2014-11-03 19:30:00,059 - Temperature_GF_Kitchen   : 19.20000000
2014-11-03 19:30:00,063 - Temperature_FF_Bath      : 19.60000000
2014-11-03 19:30:00,066 - Temperature_FF_Office    : 20.70000000
2014-11-03 19:30:00,070 - Temperature_FF_Child     : 18.30000000
2014-11-03 19:30:00,074 - Temperature_FF_Bed       : 22.50000000
2014-11-03 19:35:00,021 - Temperature_GF_Corridor  : 18.30000000
2014-11-03 19:35:00,029 - Temperature_GF_Toilet    : 20.50000000
2014-11-03 19:35:00,036 - Temperature_GF_Living    : 17.60000000
2014-11-03 19:35:00,040 - Temperature_GF_Kitchen   : 18.70000000
2014-11-03 19:35:00,044 - Temperature_FF_Bath      : 17.70000000
2014-11-03 19:35:00,047 - Temperature_FF_Office    : 20.30000000
2014-11-03 19:35:00,055 - Temperature_FF_Child     : 21.40000000
2014-11-03 19:35:00,061 - Temperature_FF_Bed       : 18.90000000
2014-11-03 19:40:00,014 - Temperature_GF_Corridor  : 18.60000000
2014-11-03 19:40:00,018 - Temperature_GF_Toilet    : 17.80000000
2014-11-03 19:40:00,023 - Temperature_GF_Living    : 19.10000000
2014-11-03 19:40:00,027 - Temperature_GF_Kitchen   : 20.30000000
2014-11-03 19:40:00,031 - Temperature_FF_Bath      : 21.10000000
2014-11-03 19:40:00,034 - Temperature_FF_Office    : 21.60000000
2014-11-03 19:40:00,038 - Temperature_FF_Child     : 21.20000000
2014-11-03 19:40:00,041 - Temperature_FF_Bed       : 20.20000000
2014-11-03 19:45:00,026 - Temperature_GF_Corridor  : 20.70000000
2014-11-03 19:45:00,030 - Temperature_GF_Toilet    : 20.20000000
2014-11-03 19:45:00,037 - Temperature_GF_Living    : 17.70000000
2014-11-03 19:45:00,043 - Temperature_GF_Kitchen   : 20.30000000
2014-11-03 19:45:00,049 - Temperature_FF_Bath      : 19.70000000
2014-11-03 19:45:00,057 - Temperature_FF_Office    : 19.90000000
2014-11-03 19:45:00,063 - Temperature_FF_Child     : 19.80000000
2014-11-03 19:45:00,068 - Temperature_FF_Bed       : 21.30000000
2014-11-03 19:50:00,019 - Temperature_GF_Corridor  : 21.10000000
2014-11-03 19:50:00,026 - Temperature_GF_Toilet    : 20.00000000
2014-11-03 19:50:00,030 - Temperature_GF_Living    : 18.70000000
2014-11-03 19:50:00,034 - Temperature_GF_Kitchen   : 21.40000000
2014-11-03 19:50:00,038 - Temperature_FF_Bath      : 20.70000000
2014-11-03 19:50:00,042 - Temperature_FF_Office    : 19.90000000
2014-11-03 19:50:00,046 - Temperature_FF_Child     : 21.40000000
2014-11-03 19:50:00,050 - Temperature_FF_Bed       : 21.00000000
2014-11-03 19:55:00,010 - Temperature_GF_Corridor  : 19.00000000
2014-11-03 19:55:00,016 - Temperature_GF_Toilet    : 21.30000000
2014-11-03 19:55:00,024 - Temperature_GF_Living    : 20.80000000
2014-11-03 19:55:00,029 - Temperature_GF_Kitchen   : 18.80000000
2014-11-03 19:55:00,033 - Temperature_FF_Bath      : 20.00000000
2014-11-03 19:55:00,038 - Temperature_FF_Office    : 21.10000000
2014-11-03 19:55:00,044 - Temperature_FF_Child     : 19.00000000
2014-11-03 19:55:00,048 - Temperature_FF_Bed       : 22.50000000
2014-11-03 20:00:00,050 - Temperature_GF_Corridor  : 20.40000000
2014-11-03 20:00:00,056 - Temperature_GF_Toilet    : 21.50000000
2014-11-03 20:00:00,061 - Temperature_GF_Living    : 18.20000000
2014-11-03 20:00:00,065 - Temperature_GF_Kitchen   : 21.20000000
2014-11-03 20:00:00,068 - Temperature_FF_Bath      : 18.60000000
2014-11-03 20:00:00,072 - Temperature_FF_Office    : 20.00000000
2014-11-03 20:00:00,076 - Temperature_FF_Child     : 21.10000000
2014-11-03 20:00:00,079 - Temperature_FF_Bed       : 18.80000000
2014-11-03 20:05:00,052 - Temperature_GF_Corridor  : 21.00000000
2014-11-03 20:05:00,059 - Temperature_GF_Toilet    : 18.60000000
2014-11-03 20:05:00,064 - Temperature_GF_Living    : 18.80000000
2014-11-03 20:05:00,069 - Temperature_GF_Kitchen   : 21.00000000
2014-11-03 20:05:00,073 - Temperature_FF_Bath      : 20.60000000
2014-11-03 20:05:00,077 - Temperature_FF_Office    : 18.50000000
2014-11-03 20:05:00,083 - Temperature_FF_Child     : 19.30000000
2014-11-03 20:05:00,088 - Temperature_FF_Bed       : 21.90000000
2014-11-03 20:05:41,124 - Temperature_GF_Corridor  : 21.40000000
2014-11-03 20:05:41,129 - Temperature_GF_Toilet    : 19.70000000
2014-11-03 20:05:41,133 - Temperature_GF_Living    : 18.70000000
2014-11-03 20:05:41,137 - Temperature_GF_Kitchen   : 22.30000000
2014-11-03 20:05:41,141 - Temperature_FF_Bath      : 21.40000000
2014-11-03 20:05:41,146 - Temperature_FF_Office    : 22.00000000
2014-11-03 20:05:41,149 - Temperature_FF_Child     : 22.40000000
2014-11-03 20:05:41,152 - Temperature_FF_Bed       : 20.60000000
2014-11-03 20:10:00,013 - Temperature_GF_Corridor  : 18.90000000
2014-11-03 20:10:00,016 - Temperature_GF_Toilet    : 18.50000000
2014-11-03 20:10:00,019 - Temperature_GF_Living    : 22.00000000
2014-11-03 20:10:00,022 - Temperature_GF_Kitchen   : 18.80000000
2014-11-03 20:10:00,025 - Temperature_FF_Bath      : 18.20000000
2014-11-03 20:10:00,028 - Temperature_FF_Office    : 20.20000000
2014-11-03 20:10:00,031 - Temperature_FF_Child     : 20.20000000
2014-11-03 20:10:00,034 - Temperature_FF_Bed       : 18.50000000
2014-11-03 20:15:00,011 - Temperature_GF_Corridor  : 19.80000000
2014-11-03 20:15:00,016 - Temperature_GF_Toilet    : 21.10000000
2014-11-03 20:15:00,020 - Temperature_GF_Living    : 19.70000000
2014-11-03 20:15:00,023 - Temperature_GF_Kitchen   : 21.20000000
2014-11-03 20:15:00,027 - Temperature_FF_Bath      : 22.10000000
2014-11-03 20:15:00,030 - Temperature_FF_Office    : 19.60000000
2014-11-03 20:15:00,032 - Temperature_FF_Child     : 19.10000000
2014-11-03 20:15:00,036 - Temperature_FF_Bed       : 19.00000000
2014-11-03 20:20:00,013 - Temperature_GF_Corridor  : 21.60000000
2014-11-03 20:20:00,017 - Temperature_GF_Toilet    : 22.40000000
2014-11-03 20:20:00,021 - Temperature_GF_Living    : 20.50000000
2014-11-03 20:20:00,023 - Temperature_GF_Kitchen   : 18.00000000
2014-11-03 20:20:00,026 - Temperature_FF_Bath      : 22.20000000
2014-11-03 20:20:00,029 - Temperature_FF_Office    : 20.70000000
2014-11-03 20:20:00,032 - Temperature_FF_Child     : 21.20000000
2014-11-03 20:20:00,035 - Temperature_FF_Bed       : 17.80000000
2014-11-03 20:25:00,021 - Temperature_GF_Corridor  : 19.30000000
2014-11-03 20:25:00,034 - Temperature_GF_Toilet    : 20.30000000
2014-11-03 20:25:00,087 - Temperature_GF_Living    : 19.30000000
2014-11-03 20:25:00,110 - Temperature_GF_Kitchen   : 18.90000000
2014-11-03 20:25:00,119 - Temperature_FF_Bath      : 19.70000000
2014-11-03 20:25:00,123 - Temperature_FF_Office    : 19.90000000
2014-11-03 20:25:00,128 - Temperature_FF_Child     : 19.50000000
2014-11-03 20:25:00,133 - Temperature_FF_Bed       : 20.50000000
2014-11-03 20:30:00,013 - Temperature_GF_Corridor  : 18.40000000
2014-11-03 20:30:00,017 - Temperature_GF_Living    : 20.20000000
2014-11-03 20:30:00,020 - Temperature_GF_Kitchen   : 21.70000000
2014-11-03 20:30:00,023 - Temperature_FF_Bath      : 19.20000000
2014-11-03 20:30:00,031 - Temperature_FF_Office    : 21.00000000
2014-11-03 20:30:00,035 - Temperature_FF_Child     : 18.10000000
2014-11-03 20:30:00,039 - Temperature_FF_Bed       : 20.10000000
2014-11-03 20:35:00,011 - Temperature_GF_Corridor  : 20.60000000
2014-11-03 20:35:00,017 - Temperature_GF_Toilet    : 21.20000000
2014-11-03 20:35:00,023 - Temperature_GF_Living    : 19.20000000
2014-11-03 20:35:00,027 - Temperature_GF_Kitchen   : 20.40000000
2014-11-03 20:35:00,030 - Temperature_FF_Bath      : 21.50000000
2014-11-03 20:35:00,034 - Temperature_FF_Office    : 21.90000000
2014-11-03 20:35:00,037 - Temperature_FF_Child     : 18.30000000
2014-11-03 20:35:00,040 - Temperature_FF_Bed       : 21.50000000
2014-11-03 20:37:41,919 - Temperature_GF_Corridor  : 22.00000000
2014-11-03 20:37:41,924 - Temperature_GF_Toilet    : 22.10000000
2014-11-03 20:37:41,927 - Temperature_GF_Living    : 21.80000000
2014-11-03 20:37:41,929 - Temperature_GF_Kitchen   : 21.70000000
2014-11-03 20:37:41,933 - Temperature_FF_Bath      : 20.60000000
2014-11-03 20:37:41,937 - Temperature_FF_Office    : 19.50000000
2014-11-03 20:37:41,940 - Temperature_FF_Child     : 18.90000000
2014-11-03 20:37:41,945 - Temperature_FF_Bed       : 21.00000000
